10:02:33 | phase=Healthy abort= step=3 cw= ready=2/2 upd=2 | AR=[inference-77b79cc657-2-1 Error]
10:02:40 | phase=Healthy abort= step=3 cw= ready=2/2 upd=2 | AR=[inference-77b79cc657-2-1 Error]
10:02:46 | phase=Progressing abort= step=0 cw= ready=2/3 upd=1 | AR=[inference-77b79cc657-2-1 Error]
10:02:53 | phase=Progressing abort= step=0 cw= ready=2/3 upd=1 | AR=[inference-77b79cc657-2-1 Error]
10:02:59 | phase=Progressing abort= step=1 cw= ready=3/3 upd=1 | AR=[inference-6b5b67999b-4-1 Running]
10:03:05 | phase=Progressing abort= step=1 cw= ready=3/3 upd=1 | AR=[inference-6b5b67999b-4-1 Running]
10:03:11 | phase=Progressing abort= step=1 cw= ready=3/3 upd=1 | AR=[inference-6b5b67999b-4-1 Running]
10:03:18 | phase=Progressing abort= step=1 cw= ready=3/3 upd=1 | AR=[inference-6b5b67999b-4-1 Running]
10:03:24 | phase=Progressing abort= step=1 cw= ready=3/3 upd=1 | AR=[inference-6b5b67999b-4-1 Running]
10:03:30 | phase=Progressing abort= step=1 cw= ready=3/3 upd=1 | AR=[inference-6b5b67999b-4-1 Running]
10:03:37 | phase=Progressing abort= step=1 cw= ready=3/3 upd=1 | AR=[inference-6b5b67999b-4-1 Successful]
10:03:45 | phase=Progressing abort= step=2 cw= ready=2/3 upd=2 | AR=[inference-6b5b67999b-4-1 Successful]
10:03:52 | phase=Progressing abort= step=2 cw= ready=2/3 upd=2 | AR=[inference-6b5b67999b-4-1 Successful]
10:03:58 | phase=Progressing abort= step=2 cw= ready=2/3 upd=2 | AR=[inference-6b5b67999b-4-1 Successful]
10:04:05 | phase=Progressing abort= step=2 cw= ready=2/3 upd=2 | AR=[inference-6b5b67999b-4-1 Successful]
10:04:11 | phase=Healthy abort= step=3 cw= ready=2/2 upd=2 | AR=[inference-6b5b67999b-4-1 Successful]
10:04:19 | phase=Healthy abort= step=3 cw= ready=2/2 upd=2 | AR=[inference-6b5b67999b-4-1 Successful]
10:04:25 | phase=Healthy abort= step=3 cw= ready=2/2 upd=2 | AR=[inference-6b5b67999b-4-1 Successful]
10:04:31 | phase=Healthy abort= step=3 cw= ready=2/2 upd=2 | AR=[inference-6b5b67999b-4-1 Successful]
10:04:37 | phase=Healthy abort= step=3 cw= ready=2/2 upd=2 | AR=[inference-6b5b67999b-4-1 Successful]
10:04:43 | phase=Healthy abort= step=3 cw= ready=2/2 upd=2 | AR=[inference-6b5b67999b-4-1 Successful]
10:04:50 | phase=Healthy abort= step=3 cw= ready=2/2 upd=2 | AR=[inference-6b5b67999b-4-1 Successful]
10:04:57 | phase=Healthy abort= step=3 cw= ready=2/2 upd=2 | AR=[inference-6b5b67999b-4-1 Successful]
10:05:04 | phase=Healthy abort= step=3 cw= ready=2/2 upd=2 | AR=[inference-6b5b67999b-4-1 Successful]
10:05:10 | phase=Healthy abort= step=3 cw= ready=2/2 upd=2 | AR=[inference-6b5b67999b-4-1 Successful]
10:05:17 | phase=Healthy abort= step=3 cw= ready=2/2 upd=2 | AR=[inference-6b5b67999b-4-1 Successful]
10:05:24 | phase=Healthy abort= step=3 cw= ready=2/2 upd=2 | AR=[inference-6b5b67999b-4-1 Successful]
10:05:32 | phase=Healthy abort= step=3 cw= ready=2/2 upd=2 | AR=[inference-6b5b67999b-4-1 Successful]
10:05:39 | phase=Healthy abort= step=3 cw= ready=2/2 upd=2 | AR=[inference-6b5b67999b-4-1 Successful]
10:05:45 | phase=Healthy abort= step=3 cw= ready=2/2 upd=2 | AR=[inference-6b5b67999b-4-1 Successful]
10:05:51 | phase=Healthy abort= step=3 cw= ready=2/2 upd=2 | AR=[inference-6b5b67999b-4-1 Successful]
10:05:58 | phase=Healthy abort= step=3 cw= ready=2/2 upd=2 | AR=[inference-6b5b67999b-4-1 Successful]
10:06:04 | phase=Healthy abort= step=3 cw= ready=2/2 upd=2 | AR=[inference-6b5b67999b-4-1 Successful]
10:06:10 | phase=Healthy abort= step=3 cw= ready=2/2 upd=2 | AR=[inference-6b5b67999b-4-1 Successful]
10:06:16 | phase=Healthy abort= step=3 cw= ready=2/2 upd=2 | AR=[inference-6b5b67999b-4-1 Successful]
10:06:23 | phase=Healthy abort= step=3 cw= ready=2/2 upd=2 | AR=[inference-6b5b67999b-4-1 Successful]
10:06:30 | phase=Healthy abort= step=3 cw= ready=2/2 upd=2 | AR=[inference-6b5b67999b-4-1 Successful]
10:06:36 | phase=Healthy abort= step=3 cw= ready=2/2 upd=2 | AR=[inference-6b5b67999b-4-1 Successful]
10:06:42 | phase=Healthy abort= step=3 cw= ready=2/2 upd=2 | AR=[inference-6b5b67999b-4-1 Successful]
10:06:48 | phase=Healthy abort= step=3 cw= ready=2/2 upd=2 | AR=[inference-6b5b67999b-4-1 Successful]
10:06:54 | phase=Healthy abort= step=3 cw= ready=2/2 upd=2 | AR=[inference-6b5b67999b-4-1 Successful]
10:06:59 | phase=Healthy abort= step=3 cw= ready=2/2 upd=2 | AR=[inference-6b5b67999b-4-1 Successful]
10:07:05 | phase=Healthy abort= step=3 cw= ready=2/2 upd=2 | AR=[inference-6b5b67999b-4-1 Successful]
10:07:14 | phase=Healthy abort= step=3 cw= ready=2/2 upd=2 | AR=[inference-6b5b67999b-4-1 Successful]
10:07:25 | phase=Healthy abort= step=3 cw= ready=2/2 upd=2 | AR=[inference-6b5b67999b-4-1 Successful]
10:07:32 | phase=Healthy abort= step=3 cw= ready=2/2 upd=2 | AR=[inference-6b5b67999b-4-1 Successful]
10:07:39 | phase=Healthy abort= step=3 cw= ready=2/2 upd=2 | AR=[inference-6b5b67999b-4-1 Successful]
10:07:45 | phase=Healthy abort= step=3 cw= ready=2/2 upd=2 | AR=[inference-6b5b67999b-4-1 Successful]
10:07:51 | phase=Healthy abort= step=3 cw= ready=2/2 upd=2 | AR=[inference-6b5b67999b-4-1 Successful]
10:07:57 | phase=Healthy abort= step=3 cw= ready=2/2 upd=2 | AR=[inference-6b5b67999b-4-1 Successful]
10:08:03 | phase=Healthy abort= step=3 cw= ready=2/2 upd=2 | AR=[inference-6b5b67999b-4-1 Successful]
10:08:09 | phase=Healthy abort= step=3 cw= ready=2/2 upd=2 | AR=[inference-6b5b67999b-4-1 Successful]
10:08:14 | phase=Healthy abort= step=3 cw= ready=2/2 upd=2 | AR=[inference-6b5b67999b-4-1 Successful]
10:08:20 | phase=Healthy abort= step=3 cw= ready=2/2 upd=2 | AR=[inference-6b5b67999b-4-1 Successful]
10:08:26 | phase=Healthy abort= step=3 cw= ready=2/2 upd=2 | AR=[inference-6b5b67999b-4-1 Successful]
10:08:32 | phase=Healthy abort= step=3 cw= ready=2/2 upd=2 | AR=[inference-6b5b67999b-4-1 Successful]
10:08:37 | phase=Healthy abort= step=3 cw= ready=2/2 upd=2 | AR=[inference-6b5b67999b-4-1 Successful]
10:08:43 | phase=Healthy abort= step=3 cw= ready=2/2 upd=2 | AR=[inference-6b5b67999b-4-1 Successful]
10:08:49 | phase=Healthy abort= step=3 cw= ready=2/2 upd=2 | AR=[inference-6b5b67999b-4-1 Successful]
10:08:54 | phase=Healthy abort= step=3 cw= ready=2/2 upd=2 | AR=[inference-6b5b67999b-4-1 Successful]
10:09:00 | phase=Healthy abort= step=3 cw= ready=2/2 upd=2 | AR=[inference-6b5b67999b-4-1 Successful]
10:09:06 | phase=Healthy abort= step=3 cw= ready=2/2 upd=2 | AR=[inference-6b5b67999b-4-1 Successful]
10:09:13 | phase=Healthy abort= step=3 cw= ready=2/2 upd=2 | AR=[inference-6b5b67999b-4-1 Successful]
10:09:19 | phase=Healthy abort= step=3 cw= ready=2/2 upd=2 | AR=[inference-6b5b67999b-4-1 Successful]
10:09:25 | phase=Healthy abort= step=3 cw= ready=2/2 upd=2 | AR=[inference-6b5b67999b-4-1 Successful]
10:09:31 | phase=Healthy abort= step=3 cw= ready=2/2 upd=2 | AR=[inference-6b5b67999b-4-1 Successful]
10:09:37 | phase=Healthy abort= step=3 cw= ready=2/2 upd=2 | AR=[inference-6b5b67999b-4-1 Successful]
10:09:42 | phase=Healthy abort= step=3 cw= ready=2/2 upd=2 | AR=[inference-6b5b67999b-4-1 Successful]
10:09:48 | phase=Healthy abort= step=3 cw= ready=2/2 upd=2 | AR=[inference-6b5b67999b-4-1 Successful]
10:09:54 | phase=Healthy abort= step=3 cw= ready=2/2 upd=2 | AR=[inference-6b5b67999b-4-1 Successful]
10:10:00 | phase=Healthy abort= step=3 cw= ready=2/2 upd=2 | AR=[inference-6b5b67999b-4-1 Successful]
10:10:06 | phase=Healthy abort= step=3 cw= ready=2/2 upd=2 | AR=[inference-6b5b67999b-4-1 Successful]
